<?xml version="1.0" encoding="UTF-8"?>
<!-- Generated by org.testng.reporters.JUnitReportReporter -->
<testsuite skipped="0" hostname="LAPTOP-AOT3U7B4" name="android_appium.Testng_paytm" tests="1" failures="0" timestamp="09 Jan 2019 06:31:02 GMT" time="32.743" errors="0">
  <testcase name="login" time="32.743" classname="android_appium.Testng_paytm"/>
</testsuite> <!-- android_appium.Testng_paytm -->
